android-app/app/build/intermediates/manifest_merge_blame_file/debug/processDebugMainManifest/manifest-merger-blame-debug-report.txt
1<?xml version="1.0" encoding="utf-8"?>
2<manifest xmlns:android="http://schemas.android.com/apk/res/android"
3    package="com.xyblue.k100mapper"
4    android:versionCode="2"
5    android:versionName="0.2.0-usb" >
6
7    <uses-sdk
8        android:minSdkVersion="26"
9        android:targetSdkVersion="34" />
10
11    <uses-feature
11-->src\main\AndroidManifest.xml:4:5-6:36
12        android:name="android.hardware.usb.host"
12-->src\main\AndroidManifest.xml:5:9-49
13        android:required="false" />
13-->src\main\AndroidManifest.xml:6:9-33
14
15    <uses-permission android:name="moe.shizuku.manager.permission.API_V23" />
15-->[dev.rikka.shizuku:provider:13.1.5] AndroidManifest.xml:8:5-78
15-->[dev.rikka.shizuku:provider:13.1.5] AndroidManifest.xml:8:22-75
16
17    <application
17-->src\main\AndroidManifest.xml:8:5-45:19
18        android:allowBackup="true"
18-->src\main\AndroidManifest.xml:9:9-35
19        android:debuggable="true"
20        android:extractNativeLibs="false"
21        android:icon="@drawable/ic_launcher"
21-->src\main\AndroidManifest.xml:10:9-45
22        android:label="@string/app_name"
22-->src\main\AndroidManifest.xml:11:9-41
23        android:supportsRtl="true"
23-->src\main\AndroidManifest.xml:12:9-35
24        android:theme="@style/AppTheme" >
24-->src\main\AndroidManifest.xml:13:9-40
25        <activity
25-->src\main\AndroidManifest.xml:15:9-22:20
26            android:name="com.xyblue.k100mapper.MainActivity"
26-->src\main\AndroidManifest.xml:16:13-41
27            android:exported="true" >
27-->src\main\AndroidManifest.xml:17:13-36
28            <intent-filter>
28-->src\main\AndroidManifest.xml:18:13-21:29
29                <action android:name="android.intent.action.MAIN" />
29-->src\main\AndroidManifest.xml:19:17-69
29-->src\main\AndroidManifest.xml:19:25-66
30
31                <category android:name="android.intent.category.LAUNCHER" />
31-->src\main\AndroidManifest.xml:20:17-77
31-->src\main\AndroidManifest.xml:20:27-74
32            </intent-filter>
33        </activity>
34
35        <service
35-->src\main\AndroidManifest.xml:24:9-36:19
36            android:name="com.xyblue.k100mapper.KeyMapperAccessibilityService"
36-->src\main\AndroidManifest.xml:25:13-58
37            android:description="@string/service_description"
37-->src\main\AndroidManifest.xml:26:13-62
38            android:exported="false"
38-->src\main\AndroidManifest.xml:27:13-37
39            android:label="@string/service_name"
39-->src\main\AndroidManifest.xml:28:13-49
40            android:permission="android.permission.BIND_ACCESSIBILITY_SERVICE" >
40-->src\main\AndroidManifest.xml:29:13-79
41            <intent-filter>
41-->src\main\AndroidManifest.xml:30:13-32:29
42                <action android:name="android.accessibilityservice.AccessibilityService" />
42-->src\main\AndroidManifest.xml:31:17-92
42-->src\main\AndroidManifest.xml:31:25-89
43            </intent-filter>
44
45            <meta-data
45-->src\main\AndroidManifest.xml:33:13-35:72
46                android:name="android.accessibilityservice"
46-->src\main\AndroidManifest.xml:34:17-60
47                android:resource="@xml/accessibility_service_config" />
47-->src\main\AndroidManifest.xml:35:17-69
48        </service>
49
50        <provider
51            android:name="rikka.shizuku.ShizukuProvider"
51-->src\main\AndroidManifest.xml:39:13-57
52            android:authorities="com.xyblue.k100mapper.shizuku"
52-->src\main\AndroidManifest.xml:40:13-59
53            android:enabled="true"
53-->src\main\AndroidManifest.xml:41:13-35
54            android:exported="true"
54-->src\main\AndroidManifest.xml:42:13-36
55            android:multiprocess="false"
55-->src\main\AndroidManifest.xml:43:13-41
56            android:permission="android.permission.INTERACT_ACROSS_USERS_FULL" />
56-->src\main\AndroidManifest.xml:44:13-79
57
58        <meta-data
58-->[dev.rikka.shizuku:provider:13.1.5] AndroidManifest.xml:11:9-13:36
59            android:name="moe.shizuku.client.V3_SUPPORT"
59-->[dev.rikka.shizuku:provider:13.1.5] AndroidManifest.xml:12:13-57
60            android:value="true" />
60-->[dev.rikka.shizuku:provider:13.1.5] AndroidManifest.xml:13:13-33
61    </application>
62
63</manifest>